WARN: surface execution Discord failed
WARN: FRED overlay degraded
WARN: surface execution Discord failed
WARN: surface execution Discord failed
WARN: surface execution Discord failed
WARN: surface execution Discord failed
WARN: surface execution Discord failed
WARN: surface execution Discord failed
WARN: surface execution Discord failed
WARN: surface execution Discord failed
WARN: SharpEdge 2.0 report degraded
WARN: surface execution Discord failed
WARN: SharpEdge 2.0 report degraded
WARN: surface execution Discord failed
WARN: SharpEdge 2.0 report degraded
WARN: fill path classification degraded
WARN: conditional expectancy matrix degraded
WARN: SharpEdge 2.0 report degraded
WARN: fill path classification degraded
WARN: conditional expectancy matrix degraded
WARN: SharpEdge 2.0 report degraded
WARN: fill path classification degraded
WARN: conditional expectancy matrix degraded
WARN: SharpEdge 2.0 report degraded
WARN: fill path classification degraded
WARN: conditional expectancy matrix degraded
WARN: SharpEdge 2.0 report degraded
